


log for ./xporta -D example.poi 

jess capa pasasget esa ultima
example.poi : no such file



log for /Users/jessicasinger/Desktop/repos/porta-1.4.1/gnu-make/bin/xporta -D /Users/jessicasinger/Desktop/repos/porta-1.4.1/examples/example.poi 

input file /Users/jessicasinger/Desktop/repos/porta-1.4.1/examples/example.poi o.k.
dimension              :    3 
number of cone-points  :    1 
number of conv-points  :    3 

GAUSS - ELIMINATION:
| iter- |     # equa |  # ineq  |   max| long|   non- |     mem |  cpu-time | real-time |
| ation |            |          |  bit-|arith|  zeros |    used |      used |      used |
|       |            |          |length|metic|   in % |   in kB |    in sec |    in sec |
|-------|------------|----------|------|-----|--------|---------|-----------|-----------|
|     4 |          4 |        1 |    4 |   n |   0.46 |      41 |      0.00 |      0.00 |
|     3 |          3 |        2 |    5 |   n |   0.50 |      41 |      0.00 |      0.00 |
|     2 |          2 |        3 |    5 |   n |   0.55 |      41 |      0.00 |      0.00 |
|     1 |          1 |        4 |    5 |   n |   0.62 |      41 |      0.00 |      0.00 |

DIMENSION OF THE POLYHEDRON : 3




log for /Users/jessicasinger/Desktop/repos/porta-1.4.1/gnu-make/bin/xporta -T /Users/jessicasinger/Desktop/repos/porta-1.4.1/examples/example.poi 

input file /Users/jessicasinger/Desktop/repos/porta-1.4.1/examples/example.poi o.k.
dimension              :    3 
number of cone-points  :    1 
number of conv-points  :    3 

GAUSS - ELIMINATION:
| iter- |     # equa |  # ineq  |   max| long|   non- |     mem |  cpu-time | real-time |
| ation |            |          |  bit-|arith|  zeros |    used |      used |      used |
|       |            |          |length|metic|   in % |   in kB |    in sec |    in sec |
|-------|------------|----------|------|-----|--------|---------|-----------|-----------|
|     4 |          4 |        1 |    4 |   n |   0.46 |      41 |      0.00 |      0.00 |
|     3 |          3 |        2 |    5 |   n |   0.50 |      41 |      0.00 |      0.00 |
|     2 |          2 |        3 |    5 |   n |   0.55 |      41 |      0.00 |      0.00 |
|     1 |          1 |        4 |    5 |   n |   0.62 |      41 |      0.00 |      0.00 |

FOURIER - MOTZKIN - ELIMINATION:
| iter- |      upper |  # ineq  |   max| long|   non- |     mem |  cpu-time | real-time |
| ation |      bound |          |  bit-|arith|  zeros |    used |      used |      used |
|       |     # ineq |          |length|metic|   in % |   in kB |    in sec |    in sec |
|-------|------------|----------|------|-----|--------|---------|-----------|-----------|

sum of inequalities over all iterations :      0
maximal number of inequalities          :      0

transformation to integer values 
sorting system 

number of equations    :    0 
number of inequalities :    4 

output written to file /Users/jessicasinger/Desktop/repos/porta-1.4.1/examples/example.poi.ieq




log for /Users/jessicasinger/Desktop/repos/porta-1.4.1/gnu-make/bin/xporta -T /Users/jessicasinger/Desktop/repos/porta-1.4.1/examples/example.ieq 

input file /Users/jessicasinger/Desktop/repos/porta-1.4.1/examples/example.ieq o.k.
dimension              :    5 
number of equations    :    2 
number of inequalities :    4 

Gauss - elimination (input - equations) :
 elimination of variable 1
 elimination of variable 4

GAUSS - ELIMINATION:
| iter- |     # equa |  # ineq  |   max| long|   non- |     mem |  cpu-time | real-time |
| ation |            |          |  bit-|arith|  zeros |    used |      used |      used |
|       |            |          |length|metic|   in % |   in kB |    in sec |    in sec |
|-------|------------|----------|------|-----|--------|---------|-----------|-----------|
|     4 |          4 |        1 |    4 |   n |   0.38 |      42 |      0.00 |      0.00 |
|     3 |          3 |        2 |    4 |   n |   0.39 |      42 |      0.00 |      0.00 |
|     2 |          2 |        3 |    4 |   n |   0.50 |      42 |      0.00 |      0.00 |
|     1 |          1 |        4 |    2 |   n |   0.55 |      42 |      0.00 |      0.02 |

FOURIER - MOTZKIN - ELIMINATION:
| iter- |      upper |  # ineq  |   max| long|   non- |     mem |  cpu-time | real-time |
| ation |      bound |          |  bit-|arith|  zeros |    used |      used |      used |
|       |     # ineq |          |length|metic|   in % |   in kB |    in sec |    in sec |
|-------|------------|----------|------|-----|--------|---------|-----------|-----------|
|     1 |          4 |        4 |    1 |   n |   0.20 |     841 |      0.00 |      0.02 |

sum of inequalities over all iterations :      4
maximal number of inequalities          :      4

solving linear equality system .
sorting system 
transformation to integer values 

number of cone-points  :    1 
number of conv-points  :    3 

output written to file /Users/jessicasinger/Desktop/repos/porta-1.4.1/examples/example.ieq.poi

